<?xml version="1.0" encoding="UTF-8"?>
<!-- Generated by org.testng.reporters.JUnitReportReporter -->
<testsuite hostname="DESKTOP-EDC7P16" failures="0" tests="3" name="TestNG_Day01.BasicAnnotations" time="0.016" errors="0" timestamp="2023-11-27T19:23:51 EST" skipped="0">
  <testcase classname="TestNG_Day01.BasicAnnotations" name="test2" time="0.006"/>
  <testcase classname="TestNG_Day01.BasicAnnotations" name="test1" time="0.007"/>
  <testcase classname="TestNG_Day01.BasicAnnotations" name="test3" time="0.003"/>
</testsuite> <!-- TestNG_Day01.BasicAnnotations -->
