<?xml version="1.0" encoding="UTF-8"?>
<!-- Generated by org.testng.reporters.JUnitReportReporter -->
<testsuite hostname="DESKTOP-EDC7P16" failures="0" tests="3" name="TestNG_Day02.DependencyTestOnGroups" time="0.020" errors="0" timestamp="2023-11-27T19:59:39 EST" skipped="0">
  <testcase classname="TestNG_Day02.DependencyTestOnGroups" name="testPrintMessage" time="0.015"/>
  <testcase classname="TestNG_Day02.DependencyTestOnGroups" name="testPrintMessage2" time="0.002"/>
  <testcase classname="TestNG_Day02.DependencyTestOnGroups" name="testSaluteGroup" time="0.003"/>
</testsuite> <!-- TestNG_Day02.DependencyTestOnGroups -->
