<?xml version="1.0" encoding="UTF-8"?>
<!-- Generated by org.testng.reporters.JUnitReportReporter -->
<testsuite hostname="DESKTOP-EDC7P16" failures="0" tests="1" name="TestNG_Day02.ParameterizedTest" time="0.017" errors="0" timestamp="2023-11-27T20:52:52 EST" skipped="0">
  <testcase classname="TestNG_Day02.ParameterizedTest" name="parameterTest" time="0.017"/>
</testsuite> <!-- TestNG_Day02.ParameterizedTest -->
