<?xml version="1.0" encoding="UTF-8"?>
<!-- Generated by org.testng.reporters.JUnitReportReporter -->
<testsuite hostname="DESKTOP-EDC7P16" failures="0" tests="4" name="TestNG_Day02.ParamWithDataProvider" time="0.020" errors="0" timestamp="2023-11-27T21:10:37 EST" skipped="0">
  <testcase classname="TestNG_Day02.ParamWithDataProvider" name="printDataProvider" time="0.003"/>
  <testcase classname="TestNG_Day02.ParamWithDataProvider" name="printDataProvider" time="0.004"/>
  <testcase classname="TestNG_Day02.ParamWithDataProvider" name="printDataProvider" time="0.010"/>
  <testcase classname="TestNG_Day02.ParamWithDataProvider" name="printDataProvider" time="0.003"/>
</testsuite> <!-- TestNG_Day02.ParamWithDataProvider -->
