<?xml version="1.0" encoding="UTF-8"?>
<!-- Generated by org.testng.reporters.JUnitReportReporter -->
<testsuite hostname="DESKTOP-EDC7P16" failures="0" tests="1" name="TestNG_Day01.AnotherExampleOfTheTest" time="0.009" errors="0" timestamp="2023-11-27T19:23:51 EST" skipped="0">
  <testcase classname="TestNG_Day01.AnotherExampleOfTheTest" name="test4" time="0.009"/>
</testsuite> <!-- TestNG_Day01.AnotherExampleOfTheTest -->
